  main.cpp
C:\K020G1186\チーム制作\チーム制作3\チーム制作3\main.cpp(730,50): warning C4244: '引数': 'double' から 'float' への変換です。データが失われる可能性があります。
C:\K020G1186\チーム制作\チーム制作3\チーム制作3\main.cpp(730,26): warning C4244: '=': 'float' から 'int' への変換です。データが失われる可能性があります。
C:\K020G1186\チーム制作\チーム制作3\チーム制作3\main.cpp(752,137): warning C4244: '引数': 'float' から 'int' への変換です。データが失われる可能性があります。
C:\K020G1186\チーム制作\チーム制作3\チーム制作3\main.cpp(752,97): warning C4244: '引数': 'float' から 'int' への変換です。データが失われる可能性があります。
C:\K020G1186\チーム制作\チーム制作3\チーム制作3\main.cpp(752,57): warning C4244: '引数': 'float' から 'int' への変換です。データが失われる可能性があります。
C:\K020G1186\チーム制作\チーム制作3\チーム制作3\main.cpp(752,29): warning C4244: '引数': 'float' から 'int' への変換です。データが失われる可能性があります。
C:\K020G1186\チーム制作\チーム制作3\チーム制作3\main.cpp(755,137): warning C4244: '引数': 'float' から 'int' への変換です。データが失われる可能性があります。
C:\K020G1186\チーム制作\チーム制作3\チーム制作3\main.cpp(755,97): warning C4244: '引数': 'float' から 'int' への変換です。データが失われる可能性があります。
C:\K020G1186\チーム制作\チーム制作3\チーム制作3\main.cpp(755,57): warning C4244: '引数': 'float' から 'int' への変換です。データが失われる可能性があります。
C:\K020G1186\チーム制作\チーム制作3\チーム制作3\main.cpp(755,29): warning C4244: '引数': 'float' から 'int' への変換です。データが失われる可能性があります。
C:\K020G1186\チーム制作\チーム制作3\チーム制作3\main.cpp(758,137): warning C4244: '引数': 'float' から 'int' への変換です。データが失われる可能性があります。
C:\K020G1186\チーム制作\チーム制作3\チーム制作3\main.cpp(758,97): warning C4244: '引数': 'float' から 'int' への変換です。データが失われる可能性があります。
C:\K020G1186\チーム制作\チーム制作3\チーム制作3\main.cpp(758,57): warning C4244: '引数': 'float' から 'int' への変換です。データが失われる可能性があります。
C:\K020G1186\チーム制作\チーム制作3\チーム制作3\main.cpp(758,29): warning C4244: '引数': 'float' から 'int' への変換です。データが失われる可能性があります。
C:\K020G1186\チーム制作\チーム制作3\チーム制作3\main.cpp(762,138): warning C4244: '引数': 'float' から 'int' への変換です。データが失われる可能性があります。
C:\K020G1186\チーム制作\チーム制作3\チーム制作3\main.cpp(762,98): warning C4244: '引数': 'float' から 'int' への変換です。データが失われる可能性があります。
C:\K020G1186\チーム制作\チーム制作3\チーム制作3\main.cpp(762,58): warning C4244: '引数': 'float' から 'int' への変換です。データが失われる可能性があります。
C:\K020G1186\チーム制作\チーム制作3\チーム制作3\main.cpp(762,30): warning C4244: '引数': 'float' から 'int' への変換です。データが失われる可能性があります。
C:\K020G1186\チーム制作\チーム制作3\チーム制作3\main.cpp(765,138): warning C4244: '引数': 'float' から 'int' への変換です。データが失われる可能性があります。
C:\K020G1186\チーム制作\チーム制作3\チーム制作3\main.cpp(765,98): warning C4244: '引数': 'float' から 'int' への変換です。データが失われる可能性があります。
C:\K020G1186\チーム制作\チーム制作3\チーム制作3\main.cpp(765,58): warning C4244: '引数': 'float' から 'int' への変換です。データが失われる可能性があります。
C:\K020G1186\チーム制作\チーム制作3\チーム制作3\main.cpp(765,30): warning C4244: '引数': 'float' から 'int' への変換です。データが失われる可能性があります。
C:\K020G1186\チーム制作\チーム制作3\チーム制作3\main.cpp(767,139): warning C4244: '引数': 'float' から 'int' への変換です。データが失われる可能性があります。
C:\K020G1186\チーム制作\チーム制作3\チーム制作3\main.cpp(767,99): warning C4244: '引数': 'float' から 'int' への変換です。データが失われる可能性があります。
C:\K020G1186\チーム制作\チーム制作3\チーム制作3\main.cpp(767,59): warning C4244: '引数': 'float' から 'int' への変換です。データが失われる可能性があります。
C:\K020G1186\チーム制作\チーム制作3\チーム制作3\main.cpp(767,31): warning C4244: '引数': 'float' から 'int' への変換です。データが失われる可能性があります。
C:\K020G1186\チーム制作\チーム制作3\チーム制作3\main.cpp(773,138): warning C4244: '引数': 'float' から 'int' への変換です。データが失われる可能性があります。
C:\K020G1186\チーム制作\チーム制作3\チーム制作3\main.cpp(773,98): warning C4244: '引数': 'float' から 'int' への変換です。データが失われる可能性があります。
C:\K020G1186\チーム制作\チーム制作3\チーム制作3\main.cpp(773,58): warning C4244: '引数': 'float' から 'int' への変換です。データが失われる可能性があります。
C:\K020G1186\チーム制作\チーム制作3\チーム制作3\main.cpp(773,30): warning C4244: '引数': 'float' から 'int' への変換です。データが失われる可能性があります。
C:\K020G1186\チーム制作\チーム制作3\チーム制作3\main.cpp(776,138): warning C4244: '引数': 'float' から 'int' への変換です。データが失われる可能性があります。
C:\K020G1186\チーム制作\チーム制作3\チーム制作3\main.cpp(776,98): warning C4244: '引数': 'float' から 'int' への変換です。データが失われる可能性があります。
C:\K020G1186\チーム制作\チーム制作3\チーム制作3\main.cpp(776,58): warning C4244: '引数': 'float' から 'int' への変換です。データが失われる可能性があります。
C:\K020G1186\チーム制作\チーム制作3\チーム制作3\main.cpp(776,30): warning C4244: '引数': 'float' から 'int' への変換です。データが失われる可能性があります。
C:\K020G1186\チーム制作\チーム制作3\チーム制作3\main.cpp(779,138): warning C4244: '引数': 'float' から 'int' への変換です。データが失われる可能性があります。
C:\K020G1186\チーム制作\チーム制作3\チーム制作3\main.cpp(779,98): warning C4244: '引数': 'float' から 'int' への変換です。データが失われる可能性があります。
C:\K020G1186\チーム制作\チーム制作3\チーム制作3\main.cpp(779,58): warning C4244: '引数': 'float' から 'int' への変換です。データが失われる可能性があります。
C:\K020G1186\チーム制作\チーム制作3\チーム制作3\main.cpp(779,30): warning C4244: '引数': 'float' から 'int' への変換です。データが失われる可能性があります。
C:\K020G1186\チーム制作\チーム制作3\チーム制作3\main.cpp(783,137): warning C4244: '引数': 'float' から 'int' への変換です。データが失われる可能性があります。
C:\K020G1186\チーム制作\チーム制作3\チーム制作3\main.cpp(783,97): warning C4244: '引数': 'float' から 'int' への変換です。データが失われる可能性があります。
C:\K020G1186\チーム制作\チーム制作3\チーム制作3\main.cpp(783,57): warning C4244: '引数': 'float' から 'int' への変換です。データが失われる可能性があります。
C:\K020G1186\チーム制作\チーム制作3\チーム制作3\main.cpp(783,29): warning C4244: '引数': 'float' から 'int' への変換です。データが失われる可能性があります。
C:\K020G1186\チーム制作\チーム制作3\チーム制作3\main.cpp(788,138): warning C4244: '引数': 'float' から 'int' への変換です。データが失われる可能性があります。
C:\K020G1186\チーム制作\チーム制作3\チーム制作3\main.cpp(788,98): warning C4244: '引数': 'float' から 'int' への変換です。データが失われる可能性があります。
C:\K020G1186\チーム制作\チーム制作3\チーム制作3\main.cpp(788,58): warning C4244: '引数': 'float' から 'int' への変換です。データが失われる可能性があります。
C:\K020G1186\チーム制作\チーム制作3\チーム制作3\main.cpp(788,30): warning C4244: '引数': 'float' から 'int' への変換です。データが失われる可能性があります。
C:\K020G1186\チーム制作\チーム制作3\チーム制作3\main.cpp(790,139): warning C4244: '引数': 'float' から 'int' への変換です。データが失われる可能性があります。
C:\K020G1186\チーム制作\チーム制作3\チーム制作3\main.cpp(790,99): warning C4244: '引数': 'float' から 'int' への変換です。データが失われる可能性があります。
C:\K020G1186\チーム制作\チーム制作3\チーム制作3\main.cpp(790,59): warning C4244: '引数': 'float' から 'int' への変換です。データが失われる可能性があります。
C:\K020G1186\チーム制作\チーム制作3\チーム制作3\main.cpp(790,31): warning C4244: '引数': 'float' から 'int' への変換です。データが失われる可能性があります。
C:\K020G1186\チーム制作\チーム制作3\チーム制作3\main.cpp(794,138): warning C4244: '引数': 'float' から 'int' への変換です。データが失われる可能性があります。
C:\K020G1186\チーム制作\チーム制作3\チーム制作3\main.cpp(794,98): warning C4244: '引数': 'float' から 'int' への変換です。データが失われる可能性があります。
C:\K020G1186\チーム制作\チーム制作3\チーム制作3\main.cpp(794,58): warning C4244: '引数': 'float' から 'int' への変換です。データが失われる可能性があります。
C:\K020G1186\チーム制作\チーム制作3\チーム制作3\main.cpp(794,30): warning C4244: '引数': 'float' から 'int' への変換です。データが失われる可能性があります。
  チーム制作3.vcxproj -> C:\K020G1186\チーム制作\チーム制作3\Debug\チーム制作3.exe
